# JRE version: Java(TM) SE Runtime Environment (8.0_181-b13) (build 1.8.0_181-b13)
# Java VM: Java HotSpot(TM) 64-Bit Server VM (25.181-b13 mixed mode bsd-amd64 compressed oops)
Heap:
 PSYoungGen      total 316416K, used 263455K [0x00000007aab00000, 0x00000007c0000000, 0x00000007c0000000)
  eden space 293888K, 83% used [0x00000007aab00000,0x00000007b9b68b70,0x00000007bca00000)
  from space 22528K, 76% used [0x00000007bea00000,0x00000007bfadf460,0x00000007c0000000)
  to   space 27648K, 0% used [0x00000007bca00000,0x00000007bca00000,0x00000007be500000)
 ParOldGen       total 300032K, used 189932K [0x0000000780000000, 0x0000000792500000, 0x00000007aab00000)
  object space 300032K, 63% used [0x0000000780000000,0x000000078b97b298,0x0000000792500000)
 Metaspace       used 83210K, capacity 86536K, committed 86656K, reserved 1124352K
  class space    used 11774K, capacity 12059K, committed 12160K, reserved 1048576K
GC Heap History (10 events):
Event: 441.671 GC heap before
{Heap before GC invocations=234 (full 6):
 PSYoungGen      total 325632K, used 305280K [0x00000007aab00000, 0x00000007bff80000, 0x00000007c0000000)
  eden space 305152K, 100% used [0x00000007aab00000,0x00000007bd500000,0x00000007bd500000)
  from space 20480K, 0% used [0x00000007bd500000,0x00000007bd520000,0x00000007be900000)
  to   space 19456K, 0% used [0x00000007bec80000,0x00000007bec80000,0x00000007bff80000)
 ParOldGen       total 300032K, used 158504K [0x0000000780000000, 0x0000000792500000, 0x00000007aab00000)
  object space 300032K, 52% used [0x0000000780000000,0x0000000789aca338,0x0000000792500000)
 Metaspace       used 80056K, capacity 81726K, committed 82048K, reserved 1120256K
  class space    used 11486K, capacity 11747K, committed 11904K, reserved 1048576K
Event: 441.674 GC heap after
Heap after GC invocations=234 (full 6):
 PSYoungGen      total 326144K, used 96K [0x00000007aab00000, 0x00000007bfd00000, 0x00000007c0000000)
  eden space 309248K, 0% used [0x00000007aab00000,0x00000007aab00000,0x00000007bd900000)
  from space 16896K, 0% used [0x00000007bec80000,0x00000007bec98000,0x00000007bfd00000)
  to   space 18432K, 0% used [0x00000007bd900000,0x00000007bd900000,0x00000007beb00000)
 ParOldGen       total 300032K, used 158504K [0x0000000780000000, 0x0000000792500000, 0x00000007aab00000)
  object space 300032K, 52% used [0x0000000780000000,0x0000000789aca338,0x0000000792500000)
 Metaspace       used 80056K, capacity 81726K, committed 82048K, reserved 1120256K
  class space    used 11486K, capacity 11747K, committed 11904K, reserved 1048576K
}
Event: 441.785 GC heap before
{Heap before GC invocations=235 (full 6):
 PSYoungGen      total 326144K, used 309344K [0x00000007aab00000, 0x00000007bfd00000, 0x00000007c0000000)
  eden space 309248K, 100% used [0x00000007aab00000,0x00000007bd900000,0x00000007bd900000)
  from space 16896K, 0% used [0x00000007bec80000,0x00000007bec98000,0x00000007bfd00000)
  to   space 18432K, 0% used [0x00000007bd900000,0x00000007bd900000,0x00000007beb00000)
 ParOldGen       total 300032K, used 158504K [0x0000000780000000, 0x0000000792500000, 0x00000007aab00000)
  object space 300032K, 52% used [0x0000000780000000,0x0000000789aca338,0x0000000792500000)
 Metaspace       used 80056K, capacity 81726K, committed 82048K, reserved 1120256K
  class space    used 11486K, capacity 11747K, committed 11904K, reserved 1048576K
Event: 441.788 GC heap after
Heap after GC invocations=235 (full 6):
 PSYoungGen      total 327680K, used 128K [0x00000007aab00000, 0x00000007bff80000, 0x00000007c0000000)
  eden space 309248K, 0% used [0x00000007aab00000,0x00000007aab00000,0x00000007bd900000)
  from space 18432K, 0% used [0x00000007bd900000,0x00000007bd920000,0x00000007beb00000)
  to   space 17408K, 0% used [0x00000007bee80000,0x00000007bee80000,0x00000007bff80000)
 ParOldGen       total 300032K, used 158512K [0x0000000780000000, 0x0000000792500000, 0x00000007aab00000)
  object space 300032K, 52% used [0x0000000780000000,0x0000000789acc338,0x0000000792500000)
 Metaspace       used 80056K, capacity 81726K, committed 82048K, reserved 1120256K
  class space    used 11486K, capacity 11747K, committed 11904K, reserved 1048576K
}
Event: 442.029 GC heap before
{Heap before GC invocations=236 (full 6):
 PSYoungGen      total 327680K, used 309376K [0x00000007aab00000, 0x00000007bff80000, 0x00000007c0000000)
  eden space 309248K, 100% used [0x00000007aab00000,0x00000007bd900000,0x00000007bd900000)
  from space 18432K, 0% used [0x00000007bd900000,0x00000007bd920000,0x00000007beb00000)
  to   space 17408K, 0% used [0x00000007bee80000,0x00000007bee80000,0x00000007bff80000)
 ParOldGen       total 300032K, used 158512K [0x0000000780000000, 0x0000000792500000, 0x00000007aab00000)
  object space 300032K, 52% used [0x0000000780000000,0x0000000789acc338,0x0000000792500000)
 Metaspace       used 80253K, capacity 82062K, committed 82304K, reserved 1120256K
  class space    used 11495K, capacity 11755K, committed 11904K, reserved 1048576K
Event: 442.034 GC heap after
Heap after GC invocations=236 (full 6):
 PSYoungGen      total 324608K, used 16877K [0x00000007aab00000, 0x00000007c0000000, 0x00000007c0000000)
  eden space 307200K, 0% used [0x00000007aab00000,0x00000007aab00000,0x00000007bd700000)
  from space 17408K, 96% used [0x00000007bee80000,0x00000007bfefb4d0,0x00000007bff80000)
  to   space 20992K, 0% used [0x00000007bd700000,0x00000007bd700000,0x00000007beb80000)
 ParOldGen       total 300032K, used 158512K [0x0000000780000000, 0x0000000792500000, 0x00000007aab00000)
  object space 300032K, 52% used [0x0000000780000000,0x0000000789acc338,0x0000000792500000)
 Metaspace       used 80253K, capacity 82062K, committed 82304K, reserved 1120256K
  class space    used 11495K, capacity 11755K, committed 11904K, reserved 1048576K
}
Event: 442.576 GC heap before
{Heap before GC invocations=237 (full 6):
 PSYoungGen      total 324608K, used 324077K [0x00000007aab00000, 0x00000007c0000000, 0x00000007c0000000)
  eden space 307200K, 100% used [0x00000007aab00000,0x00000007bd700000,0x00000007bd700000)
  from space 17408K, 96% used [0x00000007bee80000,0x00000007bfefb4d0,0x00000007bff80000)
  to   space 20992K, 0% used [0x00000007bd700000,0x00000007bd700000,0x00000007beb80000)
 ParOldGen       total 300032K, used 158512K [0x0000000780000000, 0x0000000792500000, 0x00000007aab00000)
  object space 300032K, 52% used [0x0000000780000000,0x0000000789acc338,0x0000000792500000)
 Metaspace       used 80682K, capacity 82578K, committed 82816K, reserved 1120256K
  class space    used 11518K, capacity 11789K, committed 11904K, reserved 1048576K
Event: 442.582 GC heap after
Heap after GC invocations=237 (full 6):
 PSYoungGen      total 326656K, used 19392K [0x00000007aab00000, 0x00000007c0000000, 0x00000007c0000000)
  eden space 307200K, 0% used [0x00000007aab00000,0x00000007aab00000,0x00000007bd700000)
  from space 19456K, 99% used [0x00000007bd700000,0x00000007be9f01e0,0x00000007bea00000)
  to   space 22528K, 0% used [0x00000007bea00000,0x00000007bea00000,0x00000007c0000000)
 ParOldGen       total 300032K, used 173919K [0x0000000780000000, 0x0000000792500000, 0x00000007aab00000)
  object space 300032K, 57% used [0x0000000780000000,0x000000078a9d7d20,0x0000000792500000)
 Metaspace       used 80682K, capacity 82578K, committed 82816K, reserved 1120256K
  class space    used 11518K, capacity 11789K, committed 11904K, reserved 1048576K
}
Event: 443.249 GC heap before
{Heap before GC invocations=238 (full 6):
 PSYoungGen      total 326656K, used 326592K [0x00000007aab00000, 0x00000007c0000000, 0x00000007c0000000)
  eden space 307200K, 100% used [0x00000007aab00000,0x00000007bd700000,0x00000007bd700000)
  from space 19456K, 99% used [0x00000007bd700000,0x00000007be9f01e0,0x00000007bea00000)
  to   space 22528K, 0% used [0x00000007bea00000,0x00000007bea00000,0x00000007c0000000)
 ParOldGen       total 300032K, used 173919K [0x0000000780000000, 0x0000000792500000, 0x00000007aab00000)
  object space 300032K, 57% used [0x0000000780000000,0x000000078a9d7d20,0x0000000792500000)
 Metaspace       used 82210K, capacity 84874K, committed 84992K, reserved 1122304K
  class space    used 11676K, capacity 11964K, committed 12032K, reserved 1048576K
Event: 443.256 GC heap after
Heap after GC invocations=238 (full 6):
 PSYoungGen      total 316416K, used 17277K [0x00000007aab00000, 0x00000007c0000000, 0x00000007c0000000)
  eden space 293888K, 0% used [0x00000007aab00000,0x00000007aab00000,0x00000007bca00000)
  from space 22528K, 76% used [0x00000007bea00000,0x00000007bfadf460,0x00000007c0000000)
  to   space 27648K, 0% used [0x00000007bca00000,0x00000007bca00000,0x00000007be500000)
 ParOldGen       total 300032K, used 189932K [0x0000000780000000, 0x0000000792500000, 0x00000007aab00000)
  object space 300032K, 63% used [0x0000000780000000,0x000000078b97b298,0x0000000792500000)
 Metaspace       used 82210K, capacity 84874K, committed 84992K, reserved 1122304K
  class space    used 11676K, capacity 11964K, committed 12032K, reserved 1048576K
}

