# JRE version: Java(TM) SE Runtime Environment (8.0_181-b13) (build 1.8.0_181-b13)
# Java VM: Java HotSpot(TM) 64-Bit Server VM (25.181-b13 mixed mode bsd-amd64 compressed oops)
Heap:
 PSYoungGen      total 311808K, used 293762K [0x00000007aab00000, 0x00000007c0000000, 0x00000007c0000000)
  eden space 288768K, 93% used [0x00000007aab00000,0x00000007bb368190,0x00000007bc500000)
  from space 23040K, 99% used [0x00000007be980000,0x00000007bfff8a48,0x00000007c0000000)
  to   space 30208K, 0% used [0x00000007bc500000,0x00000007bc500000,0x00000007be280000)
 ParOldGen       total 699392K, used 564660K [0x0000000780000000, 0x00000007aab00000, 0x00000007aab00000)
  object space 699392K, 80% used [0x0000000780000000,0x00000007a276d038,0x00000007aab00000)
 Metaspace       used 110404K, capacity 113219K, committed 118272K, reserved 1153024K
  class space    used 14076K, capacity 14387K, committed 15104K, reserved 1048576K
GC Heap History (10 events):
Event: 70326.545 GC heap before
{Heap before GC invocations=2442 (full 63):
 PSYoungGen      total 335872K, used 325248K [0x00000007aab00000, 0x00000007bff80000, 0x00000007c0000000)
  eden space 325120K, 100% used [0x00000007aab00000,0x00000007be880000,0x00000007be880000)
  from space 10752K, 1% used [0x00000007be880000,0x00000007be8a0000,0x00000007bf300000)
  to   space 10240K, 0% used [0x00000007bf580000,0x00000007bf580000,0x00000007bff80000)
 ParOldGen       total 699392K, used 515777K [0x0000000780000000, 0x00000007aab00000, 0x00000007aab00000)
  object space 699392K, 73% used [0x0000000780000000,0x000000079f7b0540,0x00000007aab00000)
 Metaspace       used 109836K, capacity 112693K, committed 118144K, reserved 1153024K
  class space    used 13999K, capacity 14310K, committed 14976K, reserved 1048576K
Event: 70326.548 GC heap after
Heap after GC invocations=2442 (full 63):
 PSYoungGen      total 337408K, used 128K [0x00000007aab00000, 0x00000007bfe80000, 0x00000007c0000000)
  eden space 328192K, 0% used [0x00000007aab00000,0x00000007aab00000,0x00000007beb80000)
  from space 9216K, 1% used [0x00000007bf580000,0x00000007bf5a0000,0x00000007bfe80000)
  to   space 9728K, 0% used [0x00000007beb80000,0x00000007beb80000,0x00000007bf500000)
 ParOldGen       total 699392K, used 515785K [0x0000000780000000, 0x00000007aab00000, 0x00000007aab00000)
  object space 699392K, 73% used [0x0000000780000000,0x000000079f7b2540,0x00000007aab00000)
 Metaspace       used 109836K, capacity 112693K, committed 118144K, reserved 1153024K
  class space    used 13999K, capacity 14310K, committed 14976K, reserved 1048576K
}
Event: 70326.652 GC heap before
{Heap before GC invocations=2443 (full 63):
 PSYoungGen      total 337408K, used 328320K [0x00000007aab00000, 0x00000007bfe80000, 0x00000007c0000000)
  eden space 328192K, 100% used [0x00000007aab00000,0x00000007beb80000,0x00000007beb80000)
  from space 9216K, 1% used [0x00000007bf580000,0x00000007bf5a0000,0x00000007bfe80000)
  to   space 9728K, 0% used [0x00000007beb80000,0x00000007beb80000,0x00000007bf500000)
 ParOldGen       total 699392K, used 515785K [0x0000000780000000, 0x00000007aab00000, 0x00000007aab00000)
  object space 699392K, 73% used [0x0000000780000000,0x000000079f7b2540,0x00000007aab00000)
 Metaspace       used 109836K, capacity 112693K, committed 118144K, reserved 1153024K
  class space    used 13999K, capacity 14310K, committed 14976K, reserved 1048576K
Event: 70326.656 GC heap after
Heap after GC invocations=2443 (full 63):
 PSYoungGen      total 337920K, used 96K [0x00000007aab00000, 0x00000007bfe80000, 0x00000007c0000000)
  eden space 328192K, 0% used [0x00000007aab00000,0x00000007aab00000,0x00000007beb80000)
  from space 9728K, 0% used [0x00000007beb80000,0x00000007beb98000,0x00000007bf500000)
  to   space 8704K, 0% used [0x00000007bf600000,0x00000007bf600000,0x00000007bfe80000)
 ParOldGen       total 699392K, used 515793K [0x0000000780000000, 0x00000007aab00000, 0x00000007aab00000)
  object space 699392K, 73% used [0x0000000780000000,0x000000079f7b4540,0x00000007aab00000)
 Metaspace       used 109836K, capacity 112693K, committed 118144K, reserved 1153024K
  class space    used 13999K, capacity 14310K, committed 14976K, reserved 1048576K
}
Event: 70326.765 GC heap before
{Heap before GC invocations=2444 (full 63):
 PSYoungGen      total 337920K, used 328288K [0x00000007aab00000, 0x00000007bfe80000, 0x00000007c0000000)
  eden space 328192K, 100% used [0x00000007aab00000,0x00000007beb80000,0x00000007beb80000)
  from space 9728K, 0% used [0x00000007beb80000,0x00000007beb98000,0x00000007bf500000)
  to   space 8704K, 0% used [0x00000007bf600000,0x00000007bf600000,0x00000007bfe80000)
 ParOldGen       total 699392K, used 515793K [0x0000000780000000, 0x00000007aab00000, 0x00000007aab00000)
  object space 699392K, 73% used [0x0000000780000000,0x000000079f7b4540,0x00000007aab00000)
 Metaspace       used 109836K, capacity 112693K, committed 118144K, reserved 1153024K
  class space    used 13999K, capacity 14310K, committed 14976K, reserved 1048576K
Event: 70326.771 GC heap after
Heap after GC invocations=2444 (full 63):
 PSYoungGen      total 312832K, used 8672K [0x00000007aab00000, 0x00000007c0000000, 0x00000007c0000000)
  eden space 304128K, 0% used [0x00000007aab00000,0x00000007aab00000,0x00000007bd400000)
  from space 8704K, 99% used [0x00000007bf600000,0x00000007bfe78050,0x00000007bfe80000)
  to   space 22528K, 0% used [0x00000007bd400000,0x00000007bd400000,0x00000007bea00000)
 ParOldGen       total 699392K, used 546578K [0x0000000780000000, 0x00000007aab00000, 0x00000007aab00000)
  object space 699392K, 78% used [0x0000000780000000,0x00000007a15c4a40,0x00000007aab00000)
 Metaspace       used 109836K, capacity 112693K, committed 118144K, reserved 1153024K
  class space    used 13999K, capacity 14310K, committed 14976K, reserved 1048576K
}
Event: 70326.964 GC heap before
{Heap before GC invocations=2445 (full 63):
 PSYoungGen      total 312832K, used 312800K [0x00000007aab00000, 0x00000007c0000000, 0x00000007c0000000)
  eden space 304128K, 100% used [0x00000007aab00000,0x00000007bd400000,0x00000007bd400000)
  from space 8704K, 99% used [0x00000007bf600000,0x00000007bfe78050,0x00000007bfe80000)
  to   space 22528K, 0% used [0x00000007bd400000,0x00000007bd400000,0x00000007bea00000)
 ParOldGen       total 699392K, used 546578K [0x0000000780000000, 0x00000007aab00000, 0x00000007aab00000)
  object space 699392K, 78% used [0x0000000780000000,0x00000007a15c4a40,0x00000007aab00000)
 Metaspace       used 109839K, capacity 112693K, committed 118144K, reserved 1153024K
  class space    used 13999K, capacity 14310K, committed 14976K, reserved 1048576K
Event: 70326.970 GC heap after
Heap after GC invocations=2445 (full 63):
 PSYoungGen      total 316416K, used 11851K [0x00000007aab00000, 0x00000007c0000000, 0x00000007c0000000)
  eden space 304128K, 0% used [0x00000007aab00000,0x00000007aab00000,0x00000007bd400000)
  from space 12288K, 96% used [0x00000007bd400000,0x00000007bdf92fd0,0x00000007be000000)
  to   space 23040K, 0% used [0x00000007be980000,0x00000007be980000,0x00000007c0000000)
 ParOldGen       total 699392K, used 559034K [0x0000000780000000, 0x00000007aab00000, 0x00000007aab00000)
  object space 699392K, 79% used [0x0000000780000000,0x00000007a21eea90,0x00000007aab00000)
 Metaspace       used 109839K, capacity 112693K, committed 118144K, reserved 1153024K
  class space    used 13999K, capacity 14310K, committed 14976K, reserved 1048576K
}
Event: 70327.264 GC heap before
{Heap before GC invocations=2446 (full 63):
 PSYoungGen      total 316416K, used 315979K [0x00000007aab00000, 0x00000007c0000000, 0x00000007c0000000)
  eden space 304128K, 100% used [0x00000007aab00000,0x00000007bd400000,0x00000007bd400000)
  from space 12288K, 96% used [0x00000007bd400000,0x00000007bdf92fd0,0x00000007be000000)
  to   space 23040K, 0% used [0x00000007be980000,0x00000007be980000,0x00000007c0000000)
 ParOldGen       total 699392K, used 559034K [0x0000000780000000, 0x00000007aab00000, 0x00000007aab00000)
  object space 699392K, 79% used [0x0000000780000000,0x00000007a21eea90,0x00000007aab00000)
 Metaspace       used 109909K, capacity 112705K, committed 118144K, reserved 1153024K
  class space    used 14014K, capacity 14312K, committed 14976K, reserved 1048576K
Event: 70327.271 GC heap after
Heap after GC invocations=2446 (full 63):
 PSYoungGen      total 311808K, used 23010K [0x00000007aab00000, 0x00000007c0000000, 0x00000007c0000000)
  eden space 288768K, 0% used [0x00000007aab00000,0x00000007aab00000,0x00000007bc500000)
  from space 23040K, 99% used [0x00000007be980000,0x00000007bfff8a48,0x00000007c0000000)
  to   space 30208K, 0% used [0x00000007bc500000,0x00000007bc500000,0x00000007be280000)
 ParOldGen       total 699392K, used 564660K [0x0000000780000000, 0x00000007aab00000, 0x00000007aab00000)
  object space 699392K, 80% used [0x0000000780000000,0x00000007a276d038,0x00000007aab00000)
 Metaspace       used 109909K, capacity 112705K, committed 118144K, reserved 1153024K
  class space    used 14014K, capacity 14312K, committed 14976K, reserved 1048576K
}

