# JRE version: Java(TM) SE Runtime Environment (8.0_181-b13) (build 1.8.0_181-b13)
# Java VM: Java HotSpot(TM) 64-Bit Server VM (25.181-b13 mixed mode bsd-amd64 compressed oops)
Heap:
 PSYoungGen      total 322560K, used 257890K [0x00000007aab00000, 0x00000007c0000000, 0x00000007c0000000)
  eden space 295936K, 82% used [0x00000007aab00000,0x00000007b9aa7590,0x00000007bcc00000)
  from space 26624K, 46% used [0x00000007bcc00000,0x00000007bd8312b0,0x00000007be600000)
  to   space 26624K, 0% used [0x00000007be600000,0x00000007be600000,0x00000007c0000000)
 ParOldGen       total 286720K, used 157805K [0x0000000780000000, 0x0000000791800000, 0x00000007aab00000)
  object space 286720K, 55% used [0x0000000780000000,0x0000000789a1b548,0x0000000791800000)
 Metaspace       used 81795K, capacity 85104K, committed 85376K, reserved 1122304K
  class space    used 11567K, capacity 11845K, committed 11904K, reserved 1048576K
GC Heap History (10 events):
Event: 99.467 GC heap before
{Heap before GC invocations=241 (full 5):
 PSYoungGen      total 339456K, used 331360K [0x00000007aab00000, 0x00000007bff80000, 0x00000007c0000000)
  eden space 331264K, 100% used [0x00000007aab00000,0x00000007bee80000,0x00000007bee80000)
  from space 8192K, 1% used [0x00000007bee80000,0x00000007bee98000,0x00000007bf680000)
  to   space 7680K, 0% used [0x00000007bf800000,0x00000007bf800000,0x00000007bff80000)
 ParOldGen       total 212480K, used 168679K [0x0000000780000000, 0x000000078cf80000, 0x00000007aab00000)
  object space 212480K, 79% used [0x0000000780000000,0x000000078a4b9cc8,0x000000078cf80000)
 Metaspace       used 78740K, capacity 80204K, committed 80512K, reserved 1118208K
  class space    used 11281K, capacity 11501K, committed 11648K, reserved 1048576K
Event: 99.470 GC heap after
Heap after GC invocations=241 (full 5):
 PSYoungGen      total 339968K, used 96K [0x00000007aab00000, 0x00000007bfe80000, 0x00000007c0000000)
  eden space 333312K, 0% used [0x00000007aab00000,0x00000007aab00000,0x00000007bf080000)
  from space 6656K, 1% used [0x00000007bf800000,0x00000007bf818000,0x00000007bfe80000)
  to   space 7168K, 0% used [0x00000007bf080000,0x00000007bf080000,0x00000007bf780000)
 ParOldGen       total 212480K, used 168695K [0x0000000780000000, 0x000000078cf80000, 0x00000007aab00000)
  object space 212480K, 79% used [0x0000000780000000,0x000000078a4bdcc8,0x000000078cf80000)
 Metaspace       used 78740K, capacity 80204K, committed 80512K, reserved 1118208K
  class space    used 11281K, capacity 11501K, committed 11648K, reserved 1048576K
}
Event: 99.670 GC heap before
{Heap before GC invocations=242 (full 5):
 PSYoungGen      total 339968K, used 333408K [0x00000007aab00000, 0x00000007bfe80000, 0x00000007c0000000)
  eden space 333312K, 100% used [0x00000007aab00000,0x00000007bf080000,0x00000007bf080000)
  from space 6656K, 1% used [0x00000007bf800000,0x00000007bf818000,0x00000007bfe80000)
  to   space 7168K, 0% used [0x00000007bf080000,0x00000007bf080000,0x00000007bf780000)
 ParOldGen       total 212480K, used 168695K [0x0000000780000000, 0x000000078cf80000, 0x00000007aab00000)
  object space 212480K, 79% used [0x0000000780000000,0x000000078a4bdcc8,0x000000078cf80000)
 Metaspace       used 78883K, capacity 80432K, committed 80768K, reserved 1118208K
  class space    used 11284K, capacity 11501K, committed 11648K, reserved 1048576K
Event: 99.714 GC heap after
Heap after GC invocations=242 (full 5):
 PSYoungGen      total 340480K, used 7161K [0x00000007aab00000, 0x00000007c0000000, 0x00000007c0000000)
  eden space 333312K, 0% used [0x00000007aab00000,0x00000007aab00000,0x00000007bf080000)
  from space 7168K, 99% used [0x00000007bf080000,0x00000007bf77e4d8,0x00000007bf780000)
  to   space 8704K, 0% used [0x00000007bf780000,0x00000007bf780000,0x00000007c0000000)
 ParOldGen       total 212480K, used 208058K [0x0000000780000000, 0x000000078cf80000, 0x00000007aab00000)
  object space 212480K, 97% used [0x0000000780000000,0x000000078cb2eaa0,0x000000078cf80000)
 Metaspace       used 78883K, capacity 80432K, committed 80768K, reserved 1118208K
  class space    used 11284K, capacity 11501K, committed 11648K, reserved 1048576K
}
Event: 99.714 GC heap before
{Heap before GC invocations=243 (full 6):
 PSYoungGen      total 340480K, used 7161K [0x00000007aab00000, 0x00000007c0000000, 0x00000007c0000000)
  eden space 333312K, 0% used [0x00000007aab00000,0x00000007aab00000,0x00000007bf080000)
  from space 7168K, 99% used [0x00000007bf080000,0x00000007bf77e4d8,0x00000007bf780000)
  to   space 8704K, 0% used [0x00000007bf780000,0x00000007bf780000,0x00000007c0000000)
 ParOldGen       total 212480K, used 208058K [0x0000000780000000, 0x000000078cf80000, 0x00000007aab00000)
  object space 212480K, 97% used [0x0000000780000000,0x000000078cb2eaa0,0x000000078cf80000)
 Metaspace       used 78883K, capacity 80432K, committed 80768K, reserved 1118208K
  class space    used 11284K, capacity 11501K, committed 11648K, reserved 1048576K
Event: 99.797 GC heap after
Heap after GC invocations=243 (full 6):
 PSYoungGen      total 340480K, used 0K [0x00000007aab00000, 0x00000007c0000000, 0x00000007c0000000)
  eden space 333312K, 0% used [0x00000007aab00000,0x00000007aab00000,0x00000007bf080000)
  from space 7168K, 0% used [0x00000007bf080000,0x00000007bf080000,0x00000007bf780000)
  to   space 8704K, 0% used [0x00000007bf780000,0x00000007bf780000,0x00000007c0000000)
 ParOldGen       total 286720K, used 139584K [0x0000000780000000, 0x0000000791800000, 0x00000007aab00000)
  object space 286720K, 48% used [0x0000000780000000,0x00000007888502b8,0x0000000791800000)
 Metaspace       used 78883K, capacity 80432K, committed 80768K, reserved 1118208K
  class space    used 11284K, capacity 11501K, committed 11648K, reserved 1048576K
}
Event: 100.381 GC heap before
{Heap before GC invocations=244 (full 6):
 PSYoungGen      total 340480K, used 333312K [0x00000007aab00000, 0x00000007c0000000, 0x00000007c0000000)
  eden space 333312K, 100% used [0x00000007aab00000,0x00000007bf080000,0x00000007bf080000)
  from space 7168K, 0% used [0x00000007bf080000,0x00000007bf080000,0x00000007bf780000)
  to   space 8704K, 0% used [0x00000007bf780000,0x00000007bf780000,0x00000007c0000000)
 ParOldGen       total 286720K, used 139584K [0x0000000780000000, 0x0000000791800000, 0x00000007aab00000)
  object space 286720K, 48% used [0x0000000780000000,0x00000007888502b8,0x0000000791800000)
 Metaspace       used 79348K, capacity 81216K, committed 81536K, reserved 1120256K
  class space    used 11316K, capacity 11575K, committed 11648K, reserved 1048576K
Event: 100.386 GC heap after
Heap after GC invocations=244 (full 6):
 PSYoungGen      total 304640K, used 8673K [0x00000007aab00000, 0x00000007c0000000, 0x00000007c0000000)
  eden space 295936K, 0% used [0x00000007aab00000,0x00000007aab00000,0x00000007bcc00000)
  from space 8704K, 99% used [0x00000007bf780000,0x00000007bfff84c8,0x00000007c0000000)
  to   space 26624K, 0% used [0x00000007bcc00000,0x00000007bcc00000,0x00000007be600000)
 ParOldGen       total 286720K, used 149307K [0x0000000780000000, 0x0000000791800000, 0x00000007aab00000)
  object space 286720K, 52% used [0x0000000780000000,0x00000007891ced18,0x0000000791800000)
 Metaspace       used 79348K, capacity 81216K, committed 81536K, reserved 1120256K
  class space    used 11316K, capacity 11575K, committed 11648K, reserved 1048576K
}
Event: 101.065 GC heap before
{Heap before GC invocations=245 (full 6):
 PSYoungGen      total 304640K, used 304609K [0x00000007aab00000, 0x00000007c0000000, 0x00000007c0000000)
  eden space 295936K, 100% used [0x00000007aab00000,0x00000007bcc00000,0x00000007bcc00000)
  from space 8704K, 99% used [0x00000007bf780000,0x00000007bfff84c8,0x00000007c0000000)
  to   space 26624K, 0% used [0x00000007bcc00000,0x00000007bcc00000,0x00000007be600000)
 ParOldGen       total 286720K, used 149307K [0x0000000780000000, 0x0000000791800000, 0x00000007aab00000)
  object space 286720K, 52% used [0x0000000780000000,0x00000007891ced18,0x0000000791800000)
 Metaspace       used 80899K, capacity 83518K, committed 83712K, reserved 1122304K
  class space    used 11477K, capacity 11751K, committed 11776K, reserved 1048576K
Event: 101.070 GC heap after
Heap after GC invocations=245 (full 6):
 PSYoungGen      total 322560K, used 12484K [0x00000007aab00000, 0x00000007c0000000, 0x00000007c0000000)
  eden space 295936K, 0% used [0x00000007aab00000,0x00000007aab00000,0x00000007bcc00000)
  from space 26624K, 46% used [0x00000007bcc00000,0x00000007bd8312b0,0x00000007be600000)
  to   space 26624K, 0% used [0x00000007be600000,0x00000007be600000,0x00000007c0000000)
 ParOldGen       total 286720K, used 157805K [0x0000000780000000, 0x0000000791800000, 0x00000007aab00000)
  object space 286720K, 55% used [0x0000000780000000,0x0000000789a1b548,0x0000000791800000)
 Metaspace       used 80899K, capacity 83518K, committed 83712K, reserved 1122304K
  class space    used 11477K, capacity 11751K, committed 11776K, reserved 1048576K
}

